This is pdfTeX, Version 3.1415926-2.5-1.40.14 (MiKTeX 2.9 64-bit) (preloaded format=pdflatex 2015.3.3)  29 APR 2015 03:21
entering extended mode
**E84Lab10ShaanGareeb.tex
("C:\Shaan Folder\Sophomore 2nd sem\E84\Lab10\E84Lab10ShaanGareeb.tex"
LaTeX2e <2011/06/27>
Babel <v3.8m> and hyphenation patterns for english, afrikaans, ancientgreek, ar
abic, armenian, assamese, basque, bengali, bokmal, bulgarian, catalan, coptic, 
croatian, czech, danish, dutch, esperanto, estonian, farsi, finnish, french, ga
lician, german, german-x-2013-05-26, greek, gujarati, hindi, hungarian, iceland
ic, indonesian, interlingua, irish, italian, kannada, kurmanji, latin, latvian,
 lithuanian, malayalam, marathi, mongolian, mongolianlmc, monogreek, ngerman, n
german-x-2013-05-26, nynorsk, oriya, panjabi, pinyin, polish, portuguese, roman
ian, russian, sanskrit, serbian, slovak, slovenian, spanish, swedish, swissgerm
an, tamil, telugu, turkish, turkmen, ukenglish, ukrainian, uppersorbian, usengl
ishmax, welsh, loaded.
("C:\Shaan Folder\Sophomore 2nd sem\E84\Lab10\hmcpset.cls"
Document Class: hmcpset 2005/03/10 v0.04 HMC Math Dept problem set class
("C:\Program Files\MiKTeX 2.9\tex\generic\oberdiek\ifpdf.sty"
Package: ifpdf 2011/01/30 v2.3 Provides the ifpdf switch (HO)
Package ifpdf Info: pdfTeX in PDF mode is detected.
)
("C:\Program Files\MiKTeX 2.9\tex\latex\base\article.cls"
Document Class: article 2007/10/19 v1.4h Standard LaTeX document class
("C:\Program Files\MiKTeX 2.9\tex\latex\base\size12.clo"
File: size12.clo 2007/10/19 v1.4h Standard LaTeX file (size option)
)
\c@part=\count79
\c@section=\count80
\c@subsection=\count81
\c@subsubsection=\count82
\c@paragraph=\count83
\c@subparagraph=\count84
\c@figure=\count85
\c@table=\count86
\abovecaptionskip=\skip41
\belowcaptionskip=\skip42
\bibindent=\dimen102
)
("C:\Program Files\MiKTeX 2.9\tex\latex\psnfss\mathpazo.sty"
Package: mathpazo 2005/04/12 PSNFSS-v9.2a Palatino w/ Pazo Math (D.Puga, WaS) 
\symupright=\mathgroup4
)
("C:\Program Files\MiKTeX 2.9\tex\latex\amsmath\amsmath.sty"
Package: amsmath 2013/01/14 v2.14 AMS math features
\@mathmargin=\skip43

For additional information on amsmath, use the `?' option.
("C:\Program Files\MiKTeX 2.9\tex\latex\amsmath\amstext.sty"
Package: amstext 2000/06/29 v2.01

("C:\Program Files\MiKTeX 2.9\tex\latex\amsmath\amsgen.sty"
File: amsgen.sty 1999/11/30 v2.0
\@emptytoks=\toks14
\ex@=\dimen103
))
("C:\Program Files\MiKTeX 2.9\tex\latex\amsmath\amsbsy.sty"
Package: amsbsy 1999/11/29 v1.2d
\pmbraise@=\dimen104
)
("C:\Program Files\MiKTeX 2.9\tex\latex\amsmath\amsopn.sty"
Package: amsopn 1999/12/14 v2.01 operator names
)
\inf@bad=\count87
LaTeX Info: Redefining \frac on input line 210.
\uproot@=\count88
\leftroot@=\count89
LaTeX Info: Redefining \overline on input line 306.
\classnum@=\count90
\DOTSCASE@=\count91
LaTeX Info: Redefining \ldots on input line 378.
LaTeX Info: Redefining \dots on input line 381.
LaTeX Info: Redefining \cdots on input line 466.
\Mathstrutbox@=\box26
\strutbox@=\box27
\big@size=\dimen105
LaTeX Font Info:    Redeclaring font encoding OML on input line 566.
LaTeX Font Info:    Redeclaring font encoding OMS on input line 567.
\macc@depth=\count92
\c@MaxMatrixCols=\count93
\dotsspace@=\muskip10
\c@parentequation=\count94
\dspbrk@lvl=\count95
\tag@help=\toks15
\row@=\count96
\column@=\count97
\maxfields@=\count98
\andhelp@=\toks16
\eqnshift@=\dimen106
\alignsep@=\dimen107
\tagshift@=\dimen108
\tagwidth@=\dimen109
\totwidth@=\dimen110
\lineht@=\dimen111
\@envbody=\toks17
\multlinegap=\skip44
\multlinetaggap=\skip45
\mathdisplay@stack=\toks18
LaTeX Info: Redefining \[ on input line 2665.
LaTeX Info: Redefining \] on input line 2666.
)
("C:\Program Files\MiKTeX 2.9\tex\latex\amsfonts\amssymb.sty"
Package: amssymb 2013/01/14 v3.01 AMS font symbols

("C:\Program Files\MiKTeX 2.9\tex\latex\amsfonts\amsfonts.sty"
Package: amsfonts 2013/01/14 v3.01 Basic AMSFonts support
\symAMSa=\mathgroup5
\symAMSb=\mathgroup6
LaTeX Font Info:    Overwriting math alphabet `\mathfrak' in version `bold'
(Font)                  U/euf/m/n --> U/euf/b/n on input line 106.
))
("C:\Program Files\MiKTeX 2.9\tex\latex\boxedminipage\boxedminipage.sty"))
("C:\Program Files\MiKTeX 2.9\tex\latex\geometry\geometry.sty"
Package: geometry 2010/09/12 v5.6 Page Geometry

("C:\Program Files\MiKTeX 2.9\tex\latex\graphics\keyval.sty"
Package: keyval 1999/03/16 v1.13 key=value parser (DPC)
\KV@toks@=\toks19
)
("C:\Program Files\MiKTeX 2.9\tex\generic\oberdiek\ifvtex.sty"
Package: ifvtex 2010/03/01 v1.5 Detect VTeX and its facilities (HO)
Package ifvtex Info: VTeX not detected.
)
("C:\Program Files\MiKTeX 2.9\tex\generic\ifxetex\ifxetex.sty"
Package: ifxetex 2010/09/12 v0.6 Provides ifxetex conditional
)
\Gm@cnth=\count99
\Gm@cntv=\count100
\c@Gm@tempcnt=\count101
\Gm@bindingoffset=\dimen112
\Gm@wd@mp=\dimen113
\Gm@odd@mp=\dimen114
\Gm@even@mp=\dimen115
\Gm@layoutwidth=\dimen116
\Gm@layoutheight=\dimen117
\Gm@layouthoffset=\dimen118
\Gm@layoutvoffset=\dimen119
\Gm@dimlist=\toks20

("C:\Program Files\MiKTeX 2.9\tex\latex\geometry\geometry.cfg"))
("C:\Program Files\MiKTeX 2.9\tex\latex\tools\enumerate.sty"
Package: enumerate 1999/03/05 v3.00 enumerate extensions (DPC)
\@enLab=\toks21
)
("C:\Program Files\MiKTeX 2.9\tex\latex\graphics\graphicx.sty"
Package: graphicx 1999/02/16 v1.0f Enhanced LaTeX Graphics (DPC,SPQR)

("C:\Program Files\MiKTeX 2.9\tex\latex\graphics\graphics.sty"
Package: graphics 2009/02/05 v1.0o Standard LaTeX Graphics (DPC,SPQR)

("C:\Program Files\MiKTeX 2.9\tex\latex\graphics\trig.sty"
Package: trig 1999/03/16 v1.09 sin cos tan (DPC)
)
("C:\Program Files\MiKTeX 2.9\tex\latex\00miktex\graphics.cfg"
File: graphics.cfg 2007/01/18 v1.5 graphics configuration of teTeX/TeXLive
)
Package graphics Info: Driver file: pdftex.def on input line 91.

("C:\Program Files\MiKTeX 2.9\tex\latex\pdftex-def\pdftex.def"
File: pdftex.def 2011/05/27 v0.06d Graphics/color for pdfTeX

("C:\Program Files\MiKTeX 2.9\tex\generic\oberdiek\infwarerr.sty"
Package: infwarerr 2010/04/08 v1.3 Providing info/warning/error messages (HO)
)
("C:\Program Files\MiKTeX 2.9\tex\generic\oberdiek\ltxcmds.sty"
Package: ltxcmds 2011/11/09 v1.22 LaTeX kernel commands for general use (HO)
)
\Gread@gobject=\count102
))
\Gin@req@height=\dimen120
\Gin@req@width=\dimen121
)
("C:\Program Files\MiKTeX 2.9\tex\latex\mh\mathtools.sty"
Package: mathtools 2013/02/12 v1.13 mathematical typesetting tools

("C:\Program Files\MiKTeX 2.9\tex\latex\tools\calc.sty"
Package: calc 2007/08/22 v4.3 Infix arithmetic (KKT,FJ)
\calc@Acount=\count103
\calc@Bcount=\count104
\calc@Adimen=\dimen122
\calc@Bdimen=\dimen123
\calc@Askip=\skip46
\calc@Bskip=\skip47
LaTeX Info: Redefining \setlength on input line 76.
LaTeX Info: Redefining \addtolength on input line 77.
\calc@Ccount=\count105
\calc@Cskip=\skip48
)
("C:\Program Files\MiKTeX 2.9\tex\latex\mh\mhsetup.sty"
Package: mhsetup 2010/01/21 v1.2a programming setup (MH)
)
LaTeX Info: Thecontrolsequence`\['isalreadyrobust on input line 129.
LaTeX Info: Thecontrolsequence`\]'isalreadyrobust on input line 129.
\g_MT_multlinerow_int=\count106
\l_MT_multwidth_dim=\dimen124
\origjot=\skip49
\l_MT_shortvdotswithinadjustabove_dim=\dimen125
\l_MT_shortvdotswithinadjustbelow_dim=\dimen126
\l_MT_above_intertext_sep=\dimen127
\l_MT_below_intertext_sep=\dimen128
\l_MT_above_shortintertext_sep=\dimen129
\l_MT_below_shortintertext_sep=\dimen130
)
("C:\Program Files\MiKTeX 2.9\tex\latex\amsfonts\euscript.sty"
Package: euscript 2009/06/22 v3.00 Euler Script fonts
LaTeX Font Info:    Overwriting math alphabet `\EuScript' in version `bold'
(Font)                  U/eus/m/n --> U/eus/b/n on input line 33.
)
("C:\Shaan Folder\Sophomore 2nd sem\E84\Lab10\E84Lab10ShaanGareeb.aux")
LaTeX Font Info:    Checking defaults for OML/cmm/m/it on input line 15.
LaTeX Font Info:    ... okay on input line 15.
LaTeX Font Info:    Checking defaults for T1/cmr/m/n on input line 15.
LaTeX Font Info:    ... okay on input line 15.
LaTeX Font Info:    Checking defaults for OT1/cmr/m/n on input line 15.
LaTeX Font Info:    ... okay on input line 15.
LaTeX Font Info:    Checking defaults for OMS/cmsy/m/n on input line 15.
LaTeX Font Info:    ... okay on input line 15.
LaTeX Font Info:    Checking defaults for OMX/cmex/m/n on input line 15.
LaTeX Font Info:    ... okay on input line 15.
LaTeX Font Info:    Checking defaults for U/cmr/m/n on input line 15.
LaTeX Font Info:    ... okay on input line 15.
LaTeX Font Info:    Try loading font information for OT1+ppl on input line 15.

("C:\Program Files\MiKTeX 2.9\tex\latex\psnfss\ot1ppl.fd"
File: ot1ppl.fd 2001/06/04 font definitions for OT1/ppl.
)
*geometry* driver: auto-detecting
*geometry* detected driver: pdftex
*geometry* verbose mode - [ preamble ] result:
* driver: pdftex
* paper: letterpaper
* layout: <same size as paper>
* layoutoffset:(h,v)=(0.0pt,0.0pt)
* modes: 
* h-part:(L,W,R)=(72.26999pt, 469.75502pt, 72.26999pt)
* v-part:(T,H,B)=(72.26999pt, 650.43001pt, 72.26999pt)
* \paperwidth=614.295pt
* \paperheight=794.96999pt
* \textwidth=469.75502pt
* \textheight=650.43001pt
* \oddsidemargin=0.0pt
* \evensidemargin=0.0pt
* \topmargin=-37.0pt
* \headheight=12.0pt
* \headsep=25.0pt
* \topskip=12.0pt
* \footskip=30.0pt
* \marginparwidth=44.0pt
* \marginparsep=10.0pt
* \columnsep=10.0pt
* \skip\footins=10.8pt plus 4.0pt minus 2.0pt
* \hoffset=0.0pt
* \voffset=0.0pt
* \mag=1000
* \@twocolumnfalse
* \@twosidefalse
* \@mparswitchfalse
* \@reversemarginfalse
* (1in=72.27pt=25.4mm, 1cm=28.453pt)

("C:\Program Files\MiKTeX 2.9\tex\context\base\supp-pdf.mkii"
[Loading MPS to PDF converter (version 2006.09.02).]
\scratchcounter=\count107
\scratchdimen=\dimen131
\scratchbox=\box28
\nofMPsegments=\count108
\nofMParguments=\count109
\everyMPshowfont=\toks22
\MPscratchCnt=\count110
\MPscratchDim=\dimen132
\MPnumerator=\count111
\makeMPintoPDFobject=\count112
\everyMPtoPDFconversion=\toks23
)
LaTeX Font Info:    Font shape `OT1/ppl/bx/n' in size <12> not available
(Font)              Font shape `OT1/ppl/b/n' tried instead on input line 17.
 <images/Notch.png, id=1, 272.51813pt x 142.28156pt>
File: images/Notch.png Graphic file (type png)
 <use images/Notch.png>
Package pdftex.def Info: images/Notch.png used on input line 23.
(pdftex.def)             Requested size: 272.51746pt x 142.2812pt.
LaTeX Font Info:    Try loading font information for OML+zplm on input line 25.


("C:\Program Files\MiKTeX 2.9\tex\latex\psnfss\omlzplm.fd"
File: omlzplm.fd 2002/09/08 Fontinst v1.914 font definitions for OML/zplm.
)
LaTeX Font Info:    Try loading font information for OMS+zplm on input line 25.


("C:\Program Files\MiKTeX 2.9\tex\latex\psnfss\omszplm.fd"
File: omszplm.fd 2002/09/08 Fontinst v1.914 font definitions for OMS/zplm.
)
LaTeX Font Info:    Try loading font information for OMX+zplm on input line 25.


("C:\Program Files\MiKTeX 2.9\tex\latex\psnfss\omxzplm.fd"
File: omxzplm.fd 2002/09/08 Fontinst v1.914 font definitions for OMX/zplm.
)
LaTeX Font Info:    Try loading font information for OT1+zplm on input line 25.


("C:\Program Files\MiKTeX 2.9\tex\latex\psnfss\ot1zplm.fd"
File: ot1zplm.fd 2002/09/08 Fontinst v1.914 font definitions for OT1/zplm.
)
LaTeX Font Info:    Font shape `U/msa/m/n' will be
(Font)              scaled to size 12.50409pt on input line 25.
LaTeX Font Info:    Font shape `U/msa/m/n' will be
(Font)              scaled to size 9.37807pt on input line 25.
LaTeX Font Info:    Font shape `U/msa/m/n' will be
(Font)              scaled to size 7.29405pt on input line 25.
LaTeX Font Info:    Font shape `U/msb/m/n' will be
(Font)              scaled to size 12.50409pt on input line 25.
LaTeX Font Info:    Font shape `U/msb/m/n' will be
(Font)              scaled to size 9.37807pt on input line 25.
LaTeX Font Info:    Font shape `U/msb/m/n' will be
(Font)              scaled to size 7.29405pt on input line 25.

<images/Notchmatlab.png, id=3, 393.72093pt x 301.125pt>
File: images/Notchmatlab.png Graphic file (type png)

<use images/Notchmatlab.png>
Package pdftex.def Info: images/Notchmatlab.png used on input line 27.
(pdftex.def)             Requested size: 295.28998pt x 225.84319pt.

<images/Circuit.png, id=4, 797.98125pt x 452.4403pt>
File: images/Circuit.png Graphic file (type png)
 <use images/Circuit.png>
Package pdftex.def Info: images/Circuit.png used on input line 30.
(pdftex.def)             Requested size: 398.98964pt x 226.2196pt.

[1

{C:/ProgramData/MiKTeX/2.9/pdftex/config/pdftex.map} <C:/Shaan Folder/Sophomore
 2nd sem/E84/Lab10/images/Notch.png> <C:/Shaan Folder/Sophomore 2nd sem/E84/Lab
10/images/Notchmatlab.png>]
<images/montecarlo.png, id=18, 1177.39874pt x 173.89969pt>
File: images/montecarlo.png Graphic file (type png)

<use images/montecarlo.png>
Package pdftex.def Info: images/montecarlo.png used on input line 34.
(pdftex.def)             Requested size: 1177.39587pt x 173.89925pt.

Overfull \hbox (707.64085pt too wide) in paragraph at lines 34--35
 [] 
 []


Underfull \hbox (badness 10000) in paragraph at lines 36--39

 []

<images/10Hz.png, id=19, 510.40688pt x 258.21469pt>
File: images/10Hz.png Graphic file (type png)
 <use images/10Hz.png>
Package pdftex.def Info: images/10Hz.png used on input line 40.
(pdftex.def)             Requested size: 510.40562pt x 258.21405pt.

Overfull \hbox (40.6506pt too wide) in paragraph at lines 40--41
 [] 
 []

[2 <C:/Shaan Folder/Sophomore 2nd sem/E84/Lab10/images/Circuit.png> <C:/Shaan F
older/Sophomore 2nd sem/E84/Lab10/images/montecarlo.png>]
<images/60Hzsim.png, id=25, 511.9125pt x 262.73157pt>
File: images/60Hzsim.png Graphic file (type png)
 <use images/60Hzsim.png>
Package pdftex.def Info: images/60Hzsim.png used on input line 44.
(pdftex.def)             Requested size: 511.91125pt x 262.73091pt.

Overfull \hbox (42.15623pt too wide) in paragraph at lines 44--45
 [] 
 []

<images/500Hz.png, id=26, 514.17094pt x 257.46187pt>
File: images/500Hz.png Graphic file (type png)
 <use images/500Hz.png>
Package pdftex.def Info: images/500Hz.png used on input line 48.
(pdftex.def)             Requested size: 514.1697pt x 257.46123pt.

Overfull \hbox (44.41467pt too wide) in paragraph at lines 48--49
 [] 
 []

[3 <C:/Shaan Folder/Sophomore 2nd sem/E84/Lab10/images/10Hz.png> <C:/Shaan Fold
er/Sophomore 2nd sem/E84/Lab10/images/60Hzsim.png>]
Underfull \hbox (badness 10000) in paragraph at lines 50--53

 []

<images/Sallen.png, id=32, 174.6525pt x 88.83188pt>
File: images/Sallen.png Graphic file (type png)
 <use images/Sallen.png>
Package pdftex.def Info: images/Sallen.png used on input line 54.
(pdftex.def)             Requested size: 174.65207pt x 88.83165pt.

<images/sallenKeys.png, id=33, 386.94562pt x 306.39468pt>
File: images/sallenKeys.png Graphic file (type png)

<use images/sallenKeys.png>
Package pdftex.def Info: images/sallenKeys.png used on input line 58.
(pdftex.def)             Requested size: 290.2085pt x 229.79544pt.
 [4 <C:/Shaan Folder/Sophomore 2nd sem/E84/Lab10/images/500Hz.png> <C:/Shaan Fo
lder/Sophomore 2nd sem/E84/Lab10/images/Sallen.png>] <images/fullcircuit.png, i
d=40, 1090.82532pt x 449.42906pt>
File: images/fullcircuit.png Graphic file (type png)

<use images/fullcircuit.png>
Package pdftex.def Info: images/fullcircuit.png used on input line 62.
(pdftex.def)             Requested size: 545.41133pt x 224.71397pt.

Overfull \hbox (75.65631pt too wide) in paragraph at lines 62--63
 [] 
 []

<images/FullMontecarlo.png, id=41, 1180.41pt x 191.9672pt>
File: images/FullMontecarlo.png Graphic file (type png)

<use images/FullMontecarlo.png>
Package pdftex.def Info: images/FullMontecarlo.png used on input line 65.
(pdftex.def)             Requested size: 590.20357pt x 95.98335pt.

Overfull \hbox (120.44855pt too wide) in paragraph at lines 65--66
 [] 
 []


Underfull \hbox (badness 10000) in paragraph at lines 67--70

 []

[5 <C:/Shaan Folder/Sophomore 2nd sem/E84/Lab10/images/sallenKeys.png> <C:/Shaa
n Folder/Sophomore 2nd sem/E84/Lab10/images/fullcircuit.png> <C:/Shaan Folder/S
ophomore 2nd sem/E84/Lab10/images/FullMontecarlo.png>]
<images/realcirc.jpg, id=48, 3276.24pt x 2457.18pt>
File: images/realcirc.jpg Graphic file (type jpg)
 <use images/realcirc.jpg>
Package pdftex.def Info: images/realcirc.jpg used on input line 71.
(pdftex.def)             Requested size: 327.64319pt x 245.73239pt.

[6 <C:/Shaan Folder/Sophomore 2nd sem/E84/Lab10/images/realcirc.jpg>]
<images/20Hz.png, id=52, 362.10281pt x 372.64218pt>
File: images/20Hz.png Graphic file (type png)
 <use images/20Hz.png>
Package pdftex.def Info: images/20Hz.png used on input line 77.
(pdftex.def)             Requested size: 289.68263pt x 298.11414pt.

<images/60Hz.png, id=53, 361.35pt x 371.88937pt>
File: images/60Hz.png Graphic file (type png)
 <use images/60Hz.png>
Package pdftex.def Info: images/60Hz.png used on input line 81.
(pdftex.def)             Requested size: 289.0804pt x 297.51189pt.
 [7 <C:/Shaan Folder/Sophomore 2nd sem/E84/Lab10/images/20Hz.png> <C:/Shaan Fol
der/Sophomore 2nd sem/E84/Lab10/images/60Hz.png>]
<images/100Hz.png, id=60, 360.59718pt x 370.38374pt>
File: images/100Hz.png Graphic file (type png)
 <use images/100Hz.png>
Package pdftex.def Info: images/100Hz.png used on input line 86.
(pdftex.def)             Requested size: 288.47813pt x 296.30739pt.

<images/200Hz.png, id=61, 362.10281pt x 372.64218pt>
File: images/200Hz.png Graphic file (type png)
 <use images/200Hz.png>
Package pdftex.def Info: images/200Hz.png used on input line 90.
(pdftex.def)             Requested size: 289.68263pt x 298.11414pt.

[8 <C:/Shaan Folder/Sophomore 2nd sem/E84/Lab10/images/100Hz.png> <C:/Shaan Fol
der/Sophomore 2nd sem/E84/Lab10/images/200Hz.png>]
<images/1000Hz.png, id=67, 360.59718pt x 371.13657pt>
File: images/1000Hz.png Graphic file (type png)
 <use images/1000Hz.png>
Package pdftex.def Info: images/1000Hz.png used on input line 95.
(pdftex.def)             Requested size: 288.47813pt x 296.90965pt.

[9 <C:/Shaan Folder/Sophomore 2nd sem/E84/Lab10/images/1000Hz.png>]
("C:\Shaan Folder\Sophomore 2nd sem\E84\Lab10\E84Lab10ShaanGareeb.aux") ) 
Here is how much of TeX's memory you used:
 3358 strings out of 493921
 46536 string characters out of 3147283
 104408 words of memory out of 3000000
 6569 multiletter control sequences out of 15000+200000
 21008 words of font info for 63 fonts, out of 3000000 for 9000
 841 hyphenation exceptions out of 8191
 34i,5n,32p,665b,180s stack positions out of 5000i,500n,10000p,200000b,50000s
{C:/Pr
ogram Files/MiKTeX 2.9/fonts/enc/dvips/fontname/8r.enc}<C:/Program Files/MiKTeX
 2.9/fonts/type1/public/amsfonts/cm/cmex10.pfb><C:/Program Files/MiKTeX 2.9/fon
ts/type1/public/amsfonts/cm/cmr10.pfb><C:/Program Files/MiKTeX 2.9/fonts/type1/
public/amsfonts/cm/cmsy10.pfb><C:/Program Files/MiKTeX 2.9/fonts/type1/public/m
athpazo/fplmr.pfb><C:/Program Files/MiKTeX 2.9/fonts/type1/public/mathpazo/fplm
ri.pfb><C:/Program Files/MiKTeX 2.9/fonts/type1/urw/palatino/uplb8a.pfb><C:/Pro
gram Files/MiKTeX 2.9/fonts/type1/urw/palatino/uplr8a.pfb><C:/Program Files/MiK
TeX 2.9/fonts/type1/urw/palatino/uplri8a.pfb>
Output written on E84Lab10ShaanGareeb.pdf (9 pages, 1014876 bytes).
PDF statistics:
 99 PDF objects out of 1000 (max. 8388607)
 0 named destinations out of 1000 (max. 500000)
 86 words of extra memory for PDF output out of 10000 (max. 10000000)

